<?xml version='1.0' encoding='UTF-8'?>
<testsuite hostname="192.168.0.5" name="TheOneTest" tests="7" errors="0" failures="0" skipped="0" time="0.012" timestamp="2024-04-22T12:19:31">
          <properties>
      <property name="java.specification.version" value="21"/><property name="sun.jnu.encoding" value="UTF-8"/><property name="sun.arch.data.model" value="64"/><property name="java.vendor.url" value="https://github.com/Homebrew/homebrew-core/issues"/><property name="sun.boot.library.path" value="/opt/homebrew/Cellar/openjdk/21.0.2/libexec/openjdk.jdk/Contents/Home/lib"/><property name="sun.java.command" value="/Users/mateusoliveirasantos/Library/Caches/Coursier/arc/https/github.com/sbt/sbt/releases/download/v1.9.9/sbt-1.9.9.zip/sbt/bin/sbt-launch.jar test"/><property name="jdk.debug" value="release"/><property name="java.specification.vendor" value="Oracle Corporation"/><property name="java.version.date" value="2024-01-16"/><property name="java.home" value="/opt/homebrew/Cellar/openjdk/21.0.2/libexec/openjdk.jdk/Contents/Home"/><property name="file.separator" value="/"/><property name="java.vm.compressedOopsMode" value="Zero based"/><property name="line.separator" value="
"/><property name="java.vm.specification.vendor" value="Oracle Corporation"/><property name="java.specification.name" value="Java Platform API Specification"/><property name="sun.management.compiler" value="HotSpot 64-Bit Tiered Compilers"/><property name="java.runtime.version" value="21.0.2"/><property name="user.name" value="mateusoliveirasantos"/><property name="log4j.ignoreTCL" value="true"/><property name="file.encoding" value="UTF-8"/><property name="java.vendor.version" value="Homebrew"/><property name="java.io.tmpdir" value="/var/folders/5t/pnbgfbmn4996v1jkjnr59sph0000gn/T/"/><property name="java.version" value="21.0.2"/><property name="java.vm.specification.name" value="Java Virtual Machine Specification"/><property name="native.encoding" value="UTF-8"/><property name="java.library.path" value="/Users/mateusoliveirasantos/Library/Java/Extensions:/Library/Java/Extensions:/Network/Library/Java/Extensions:/System/Library/Java/Extensions:/usr/lib/java:."/><property name="stderr.encoding" value="UTF-8"/><property name="java.vendor" value="Homebrew"/><property name="scala.ext.dirs" value="/Users/mateusoliveirasantos/.sbt/1.0/java9-rt-ext-homebrew_21_0_2"/><property name="sun.io.unicode.encoding" value="UnicodeBig"/><property name="socksNonProxyHosts" value="local|*.local|169.254/16|*.169.254/16"/><property name="java.class.path" value="/Users/mateusoliveirasantos/Library/Caches/Coursier/arc/https/github.com/sbt/sbt/releases/download/v1.9.9/sbt-1.9.9.zip/sbt/bin/sbt-launch.jar"/><property name="java.vm.vendor" value="Homebrew"/><property name="jline.shutdownhook" value="false"/><property name="user.timezone" value="America/Sao_Paulo"/><property name="java.vm.specification.version" value="21"/><property name="os.name" value="Mac OS X"/><property name="sun.java.launcher" value="SUN_STANDARD"/><property name="user.country" value="BR"/><property name="http.nonProxyHosts" value="local|*.local|169.254/16|*.169.254/16"/><property name="sun.cpu.endian" value="little"/><property name="user.home" value="/Users/mateusoliveirasantos"/><property name="user.language" value="en"/><property name="sbt.script" value="/Users/mateusoliveirasantos/Library/Caches/Coursier/arc/https/github.com/sbt/sbt/releases/download/v1.9.9/sbt-1.9.9.zip/sbt/bin/sbt"/><property name="sbt.ipcsocket.tmpdir" value="/var/folders/5t/pnbgfbmn4996v1jkjnr59sph0000gn/T/.sbt234ade4d/ipcsocket"/><property name="swoval.tmpdir" value="/var/folders/5t/pnbgfbmn4996v1jkjnr59sph0000gn/T/.sbt234ade4d/swoval"/><property name="apple.awt.application.name" value="Boot"/><property name="jline.esc.timeout" value="0"/><property name="ftp.nonProxyHosts" value="local|*.local|169.254/16|*.169.254/16"/><property name="stdout.encoding" value="UTF-8"/><property name="path.separator" value=":"/><property name="os.version" value="14.2.1"/><property name="jna.nosys" value="true"/><property name="java.runtime.name" value="OpenJDK Runtime Environment"/><property name="java.vm.name" value="OpenJDK 64-Bit Server VM"/><property name="java.vendor.url.bug" value="https://github.com/Homebrew/homebrew-core/issues"/><property name="user.dir" value="/Users/mateusoliveirasantos/Documents/estudos/unb/tec_prog/code/the-one"/><property name="os.arch" value="aarch64"/><property name="java.vm.info" value="mixed mode, sharing"/><property name="java.vm.version" value="21.0.2"/><property name="java.class.version" value="65.0"/>
    </properties>
          <testcase classname="TheOneTest" name="Should filter non-word chars and replace them with a space" time="0.008">
                      
                    </testcase><testcase classname="TheOneTest" name="Should normalize, make it all lowercase" time="0.0">
                      
                    </testcase><testcase classname="TheOneTest" name="Should scan, split the raw text into an array of words" time="0.001">
                      
                    </testcase><testcase classname="TheOneTest" name="Should remove all stop words, the ones we don't care" time="0.0">
                      
                    </testcase><testcase classname="TheOneTest" name="Should correctly map how many words there are" time="0.001">
                      
                    </testcase><testcase classname="TheOneTest" name="Should sort the most common words" time="0.001">
                      
                    </testcase><testcase classname="TheOneTest" name="Should get the most frequent words from an ordered list" time="0.001">
                      
                    </testcase>
          <system-out><![CDATA[]]></system-out>
          <system-err><![CDATA[]]></system-err>
        </testsuite>